[2017-02-01 15:35:50] START
[2017-02-06 09:38:23] EDIT MixInv1/models/db.py: 19
[2017-02-06 09:40:19] EDIT MixInv1/models/db.py: 0
[2017-02-06 09:40:27] EDIT MixInv1/models/db.py: 0
[2017-02-06 09:41:06] EDIT MixInv1/models/db.py: -2
[2017-02-06 09:42:49] EDIT MixInv1/controllers/default.py: 2
[2017-02-06 09:42:58] EDIT MixInv1/controllers/default.py: 0
[2017-02-06 09:43:43] EDIT MixInv1/controllers/default.py: 0
[2017-02-06 09:45:31] CREATE register.html: 0
[2017-02-06 09:46:14] EDIT MixInv1/views/register.html: 2
[2017-02-06 09:47:07] EDIT MixInv1/controllers/default.py: 0
[2017-02-06 09:47:53] EDIT MixInv1/controllers/default.py: 0
[2017-02-06 09:48:18] EDIT MixInv1/controllers/default.py: 2
[2017-02-06 09:48:50] EDIT MixInv1/controllers/default.py: -2
[2017-02-06 09:54:50] EDIT MixInv1/controllers/default.py: 10
[2017-02-06 09:56:15] EDIT MixInv1/models/db.py: -17
[2017-02-06 10:00:18] DELETE MixInv1/views/register.html: -5
[2017-03-05 15:13:43] EDIT MixInv1/views/default/index.html: 13
[2017-03-05 15:14:53] EDIT MixInv1/views/default/index.html: 0
[2017-03-05 15:15:27] EDIT MixInv1/views/default/index.html: 0
[2017-03-05 15:19:30] EDIT MixInv1/views/default/index.html: -13
[2017-03-05 15:20:52] EDIT MixInv1/controllers/default.py: 5
[2017-03-05 15:23:44] EDIT MixInv1/controllers/default.py: -3
[2017-03-05 15:23:46] EDIT MixInv1/controllers/default.py: 0
[2017-03-05 15:23:59] EDIT MixInv1/controllers/default.py: 2
[2017-03-05 15:35:09] EDIT MixInv1/controllers/default.py: 3
[2017-03-05 15:35:32] EDIT MixInv1/controllers/default.py: 0
[2017-03-05 15:35:45] EDIT MixInv1/controllers/default.py: -1
[2017-03-05 15:36:15] EDIT MixInv1/controllers/default.py: 0
[2017-03-05 15:36:41] EDIT MixInv1/controllers/default.py: 0
[2017-03-05 15:37:01] EDIT MixInv1/controllers/default.py: 0
[2017-03-05 16:14:25] EDIT MixInv1/controllers/default.py: 1
[2017-03-05 16:14:32] EDIT MixInv1/controllers/default.py: -1
[2017-03-05 16:15:22] EDIT MixInv1/controllers/default.py: 1
[2017-03-05 16:15:57] EDIT MixInv1/controllers/default.py: 0
[2017-03-05 16:16:20] EDIT MixInv1/controllers/default.py: 0
[2017-03-05 16:17:05] EDIT MixInv1/controllers/default.py: 0
[2017-03-05 16:21:15] EDIT MixInv1/controllers/default.py: 1
[2017-03-05 16:23:56] EDIT MixInv1/controllers/default.py: -1
[2017-03-05 16:25:10] EDIT MixInv1/controllers/default.py: 0
[2017-03-05 16:25:20] EDIT MixInv1/controllers/default.py: 0
[2017-03-05 16:29:23] EDIT MixInv1/controllers/default.py: 0
[2017-03-05 16:34:01] EDIT MixInv1/controllers/default.py: 0
[2017-03-05 16:34:35] EDIT MixInv1/controllers/default.py: 4
[2017-03-05 16:34:53] EDIT MixInv1/controllers/default.py: 0
[2017-03-05 16:46:32] EDIT MixInv1/controllers/default.py: 5
[2017-03-05 16:46:51] EDIT MixInv1/controllers/default.py: 0
[2017-03-05 16:47:12] EDIT MixInv1/controllers/default.py: 0
[2017-03-05 16:47:32] EDIT MixInv1/controllers/default.py: -1
[2017-03-05 16:48:31] EDIT MixInv1/controllers/default.py: 0
[2017-03-05 16:50:24] EDIT MixInv1/controllers/default.py: 1
[2017-03-05 16:56:16] EDIT MixInv1/views/default/index.html: 10
[2017-03-05 17:03:58] EDIT MixInv1/controllers/default.py: 5
[2017-03-05 17:04:44] EDIT MixInv1/controllers/default.py: 1
[2017-03-05 17:06:46] EDIT MixInv1/views/default/index.html: 0
[2017-03-05 17:07:06] EDIT MixInv1/views/default/index.html: -10
[2017-03-05 17:08:40] EDIT MixInv1/views/default/index.html: 12
[2017-03-05 17:09:32] EDIT MixInv1/views/default/index.html: -12
[2017-03-05 17:10:21] EDIT MixInv1/views/default/cdwheele.html: -3
[2017-03-05 17:11:09] EDIT MixInv1/views/default/cdwheele.html: 10
[2017-03-05 17:12:33] EDIT MixInv1/views/default/cdwheele.html: 2
[2017-03-05 17:29:57] EDIT MixInv1/views/default/cdwheele.html: -6
[2017-03-05 17:30:59] EDIT MixInv1/views/default/cdwheele.html: 4
[2017-03-05 17:33:46] EDIT MixInv1/views/default/cdwheele.html: 18
[2017-03-05 17:34:30] EDIT MixInv1/views/default/cdwheele.html: 0
[2017-03-05 17:36:35] EDIT MixInv1/views/default/cdwheele.html: -2
[2017-03-05 17:38:08] EDIT MixInv1/views/default/cdwheele.html: 0
[2017-03-05 17:38:35] EDIT MixInv1/views/default/cdwheele.html: 0
[2017-03-05 17:40:19] EDIT MixInv1/views/default/cdwheele.html: 3
[2017-03-05 17:41:03] EDIT MixInv1/views/default/cdwheele.html: 1
[2017-03-05 17:41:30] EDIT MixInv1/views/default/cdwheele.html: 3
[2017-03-05 17:47:54] EDIT MixInv1/views/default/cdwheele.html: 4
[2017-03-05 17:50:49] EDIT MixInv1/views/default/cdwheele.html: 0
[2017-03-05 17:56:48] EDIT MixInv1/views/default/cdwheele.html: 4
[2017-03-05 17:59:45] EDIT MixInv1/views/default/cdwheele.html: 0
[2017-03-05 18:00:17] EDIT MixInv1/views/default/mbrain.html: 23
[2017-03-05 18:00:24] EDIT MixInv1/views/default/mbrain.html: -1
[2017-03-05 18:05:46] EDIT MixInv1/views/default/cdwheele.html: 1
[2017-03-05 18:07:57] EDIT MixInv1/views/default/cdwheele.html: 1
[2017-03-05 18:08:14] EDIT MixInv1/views/default/cdwheele.html: -1
[2017-03-05 18:10:12] EDIT MixInv1/views/default/cdwheele.html: 0
